<?xml version="1.0" encoding="UTF-8"?>
<!-- Generated by org.testng.reporters.JUnitReportReporter -->
<testsuite skipped="0" hostname="Srikrishna" name="testCases.HomePageTest" tests="1" failures="0" timestamp="27 Aug 2021 14:34:36 GMT" time="65.083" errors="0">
  <testcase name="verifyHomePageTitleTest" time="65.083" classname="testCases.HomePageTest"/>
</testsuite> <!-- testCases.HomePageTest -->
